RMaps.Free/build/outputs/logs/manifest-merger-debug-report.txt
-- Merging decision tree log ---
manifest
ADDED from RMaps.Free\AndroidManifest.xml:2:1-286:12
INJECTED from RMaps.Free\AndroidManifest.xml:2:1-286:12
INJECTED from RMaps.Free\AndroidManifest.xml:2:1-286:12
INJECTED from RMaps.Free\AndroidManifest.xml:2:1-286:12
MERGED from [:RMaps.AppLib] AndroidManifest.xml:2:1-109:12
MERGED from [:sliding_menu_lib:] AndroidManifest.xml:2:1-11:12
MERGED from [com.android.support.constraint:constraint-layout:1.1.3] AndroidManifest.xml:2:1-11:12
MERGED from [com.androidkun:pulltorefreshrecyclerview:1.1.0] AndroidManifest.xml:2:1-16:12
MERGED from [com.android.support:design:27.1.1] AndroidManifest.xml:17:1-22:12
MERGED from [io.reactivex.rxjava2:rxandroid:2.0.1] AndroidManifest.xml:15:1-21:12
MERGED from [io.reactivex:rxandroid:1.2.1] AndroidManifest.xml:15:1-21:12
MERGED from [com.android.support:recyclerview-v7:27.1.1] AndroidManifest.xml:17:1-22:12
MERGED from [com.android.support:appcompat-v7:27.1.1] AndroidManifest.xml:17:1-22:12
MERGED from [com.android.support:multidex:1.0.3] AndroidManifest.xml:17:1-22:12
MERGED from [com.android.support:transition:27.1.1] AndroidManifest.xml:17:1-22:12
MERGED from [com.android.support:support-fragment:27.1.1] AndroidManifest.xml:17:1-22:12
MERGED from [com.android.support:animated-vector-drawable:27.1.1] AndroidManifest.xml:17:1-22:12
MERGED from [com.android.support:support-core-ui:27.1.1] AndroidManifest.xml:17:1-22:12
MERGED from [com.android.support:support-core-utils:27.1.1] AndroidManifest.xml:17:1-22:12
MERGED from [com.android.support:support-vector-drawable:27.1.1] AndroidManifest.xml:17:1-22:12
MERGED from [com.android.support:support-compat:27.1.1] AndroidManifest.xml:17:1-22:12
MERGED from [android.arch.lifecycle:livedata-core:1.1.0] AndroidManifest.xml:17:1-22:12
MERGED from [android.arch.lifecycle:viewmodel:1.1.0] AndroidManifest.xml:17:1-22:12
MERGED from [android.arch.lifecycle:runtime:1.1.0] AndroidManifest.xml:17:1-22:12
MERGED from [android.arch.core:runtime:1.1.0] AndroidManifest.xml:17:1-22:12
INJECTED from RMaps.Free\AndroidManifest.xml:2:1-286:12
INJECTED from RMaps.Free\AndroidManifest.xml:2:1-286:12
INJECTED from RMaps.Free\AndroidManifest.xml:2:1-286:12
	package
		ADDED from RMaps.Free\AndroidManifest.xml:3:5-28
		INJECTED from RMaps.Free\AndroidManifest.xml
		INJECTED from RMaps.Free\AndroidManifest.xml
	android:sharedUserLabel
		ADDED from RMaps.Free\AndroidManifest.xml:6:5-53
	android:sharedUserId
		ADDED from RMaps.Free\AndroidManifest.xml:5:5-47
	android:versionName
		ADDED from RMaps.Free\AndroidManifest.xml:8:5-30
		INJECTED from RMaps.Free\AndroidManifest.xml
		INJECTED from RMaps.Free\AndroidManifest.xml
	xmlns:android
		ADDED from RMaps.Free\AndroidManifest.xml:2:11-69
	android:versionCode
		ADDED from RMaps.Free\AndroidManifest.xml:7:5-31
		INJECTED from RMaps.Free\AndroidManifest.xml
		INJECTED from RMaps.Free\AndroidManifest.xml
	android:installLocation
		ADDED from RMaps.Free\AndroidManifest.xml:4:5-35
uses-sdk
ADDED from RMaps.Free\AndroidManifest.xml:10:5-47
INJECTED from RMaps.Free\AndroidManifest.xml:10:5-47
INJECTED from RMaps.Free\AndroidManifest.xml:10:5-47
MERGED from [:RMaps.AppLib] AndroidManifest.xml:10:5-12:41
MERGED from [:RMaps.AppLib] AndroidManifest.xml:10:5-12:41
MERGED from [:sliding_menu_lib:] AndroidManifest.xml:7:5-9:41
MERGED from [:sliding_menu_lib:] AndroidManifest.xml:7:5-9:41
MERGED from [com.android.support.constraint:constraint-layout:1.1.3] AndroidManifest.xml:5:5-7:41
MERGED from [com.android.support.constraint:constraint-layout:1.1.3] AndroidManifest.xml:5:5-7:41
MERGED from [com.androidkun:pulltorefreshrecyclerview:1.1.0] AndroidManifest.xml:7:5-9:41
MERGED from [com.androidkun:pulltorefreshrecyclerview:1.1.0] AndroidManifest.xml:7:5-9:41
MERGED from [com.android.support:design:27.1.1] AndroidManifest.xml:20:5-44
MERGED from [com.android.support:design:27.1.1] AndroidManifest.xml:20:5-44
MERGED from [io.reactivex.rxjava2:rxandroid:2.0.1] AndroidManifest.xml:19:5-43
MERGED from [io.reactivex.rxjava2:rxandroid:2.0.1] AndroidManifest.xml:19:5-43
MERGED from [io.reactivex:rxandroid:1.2.1] AndroidManifest.xml:19:5-43
MERGED from [io.reactivex:rxandroid:1.2.1] AndroidManifest.xml:19:5-43
MERGED from [com.android.support:recyclerview-v7:27.1.1] AndroidManifest.xml:20:5-44
MERGED from [com.android.support:recyclerview-v7:27.1.1] AndroidManifest.xml:20:5-44
MERGED from [com.android.support:appcompat-v7:27.1.1] AndroidManifest.xml:20:5-44
MERGED from [com.android.support:appcompat-v7:27.1.1] AndroidManifest.xml:20:5-44
MERGED from [com.android.support:multidex:1.0.3] AndroidManifest.xml:20:5-43
MERGED from [com.android.support:multidex:1.0.3] AndroidManifest.xml:20:5-43
MERGED from [com.android.support:transition:27.1.1] AndroidManifest.xml:20:5-44
MERGED from [com.android.support:transition:27.1.1] AndroidManifest.xml:20:5-44
MERGED from [com.android.support:support-fragment:27.1.1] AndroidManifest.xml:20:5-44
MERGED from [com.android.support:support-fragment:27.1.1] AndroidManifest.xml:20:5-44
MERGED from [com.android.support:animated-vector-drawable:27.1.1] AndroidManifest.xml:20:5-44
MERGED from [com.android.support:animated-vector-drawable:27.1.1] AndroidManifest.xml:20:5-44
MERGED from [com.android.support:support-core-ui:27.1.1] AndroidManifest.xml:20:5-44
MERGED from [com.android.support:support-core-ui:27.1.1] AndroidManifest.xml:20:5-44
MERGED from [com.android.support:support-core-utils:27.1.1] AndroidManifest.xml:20:5-44
MERGED from [com.android.support:support-core-utils:27.1.1] AndroidManifest.xml:20:5-44
MERGED from [com.android.support:support-vector-drawable:27.1.1] AndroidManifest.xml:20:5-44
MERGED from [com.android.support:support-vector-drawable:27.1.1] AndroidManifest.xml:20:5-44
MERGED from [com.android.support:support-compat:27.1.1] AndroidManifest.xml:20:5-44
MERGED from [com.android.support:support-compat:27.1.1] AndroidManifest.xml:20:5-44
MERGED from [android.arch.lifecycle:livedata-core:1.1.0] AndroidManifest.xml:20:5-44
MERGED from [android.arch.lifecycle:livedata-core:1.1.0] AndroidManifest.xml:20:5-44
MERGED from [android.arch.lifecycle:viewmodel:1.1.0] AndroidManifest.xml:20:5-44
MERGED from [android.arch.lifecycle:viewmodel:1.1.0] AndroidManifest.xml:20:5-44
MERGED from [android.arch.lifecycle:runtime:1.1.0] AndroidManifest.xml:20:5-44
MERGED from [android.arch.lifecycle:runtime:1.1.0] AndroidManifest.xml:20:5-44
MERGED from [android.arch.core:runtime:1.1.0] AndroidManifest.xml:20:5-44
MERGED from [android.arch.core:runtime:1.1.0] AndroidManifest.xml:20:5-44
INJECTED from RMaps.Free\AndroidManifest.xml:10:5-47
INJECTED from RMaps.Free\AndroidManifest.xml:10:5-47
	android:targetSdkVersion
		ADDED from RMaps.Free\AndroidManifest.xml:10:15-44
		INJECTED from RMaps.Free\AndroidManifest.xml
		INJECTED from RMaps.Free\AndroidManifest.xml
	android:minSdkVersion
		INJECTED from RMaps.Free\AndroidManifest.xml
		ADDED from RMaps.Free\AndroidManifest.xml:10:5-47
		INJECTED from RMaps.Free\AndroidManifest.xml
uses-permission#android.permission.INTERNET
ADDED from RMaps.Free\AndroidManifest.xml:12:5-67
MERGED from [:RMaps.AppLib] AndroidManifest.xml:16:5-67
MERGED from [:RMaps.AppLib] AndroidManifest.xml:16:5-67
	android:name
		ADDED from RMaps.Free\AndroidManifest.xml:12:22-64
uses-permission#android.permission.ACCESS_FINE_LOCATION
ADDED from RMaps.Free\AndroidManifest.xml:13:5-79
MERGED from [:RMaps.AppLib] AndroidManifest.xml:14:5-79
MERGED from [:RMaps.AppLib] AndroidManifest.xml:14:5-79
	android:name
		ADDED from RMaps.Free\AndroidManifest.xml:13:22-76
uses-permission#android.permission.ACCESS_COARSE_LOCATION
ADDED from RMaps.Free\AndroidManifest.xml:14:5-81
MERGED from [:RMaps.AppLib] AndroidManifest.xml:15:5-81
MERGED from [:RMaps.AppLib] AndroidManifest.xml:15:5-81
	android:name
		ADDED from RMaps.Free\AndroidManifest.xml:14:22-78
uses-permission#android.permission.VIBRATE
ADDED from RMaps.Free\AndroidManifest.xml:15:5-66
	android:name
		ADDED from RMaps.Free\AndroidManifest.xml:15:22-63
uses-permission#android.permission.WRITE_EXTERNAL_STORAGE
ADDED from RMaps.Free\AndroidManifest.xml:16:5-81
MERGED from [:RMaps.AppLib] AndroidManifest.xml:18:5-81
MERGED from [:RMaps.AppLib] AndroidManifest.xml:18:5-81
	android:name
		ADDED from RMaps.Free\AndroidManifest.xml:16:22-78
uses-permission#android.permission.BROADCAST_STICKY
ADDED from RMaps.Free\AndroidManifest.xml:17:5-75
	android:name
		ADDED from RMaps.Free\AndroidManifest.xml:17:22-72
uses-permission#android.permission.RECORD_AUDIO
ADDED from RMaps.Free\AndroidManifest.xml:18:5-71
	android:name
		ADDED from RMaps.Free\AndroidManifest.xml:18:22-68
uses-permission#android.permission.CAMERA
ADDED from RMaps.Free\AndroidManifest.xml:19:5-65
	android:name
		ADDED from RMaps.Free\AndroidManifest.xml:19:22-62
uses-permission#android.permission.WAKE_LOCK
ADDED from RMaps.Free\AndroidManifest.xml:20:5-68
MERGED from [:RMaps.AppLib] AndroidManifest.xml:33:5-68
MERGED from [:RMaps.AppLib] AndroidManifest.xml:33:5-68
	android:name
		ADDED from RMaps.Free\AndroidManifest.xml:20:22-65
uses-permission#android.permission.READ_PHONE_STATE
ADDED from RMaps.Free\AndroidManifest.xml:21:5-75
MERGED from [:RMaps.AppLib] AndroidManifest.xml:17:5-75
MERGED from [:RMaps.AppLib] AndroidManifest.xml:17:5-75
	android:name
		ADDED from RMaps.Free\AndroidManifest.xml:21:22-72
uses-feature#android.hardware.autofocus
ADDED from RMaps.Free\AndroidManifest.xml:23:5-63
	android:name
		ADDED from RMaps.Free\AndroidManifest.xml:23:19-60
uses-feature#android.hardware.camera
ADDED from RMaps.Free\AndroidManifest.xml:24:5-60
	android:name
		ADDED from RMaps.Free\AndroidManifest.xml:24:19-57
uses-feature#android.hardware.camera.autofocus
ADDED from RMaps.Free\AndroidManifest.xml:25:5-70
	android:name
		ADDED from RMaps.Free\AndroidManifest.xml:25:19-67
uses-permission#android.permission.SYSTEM_ALERT_WINDOW
ADDED from RMaps.Free\AndroidManifest.xml:27:5-78
MERGED from [:RMaps.AppLib] AndroidManifest.xml:31:5-78
MERGED from [:RMaps.AppLib] AndroidManifest.xml:31:5-78
	android:name
		ADDED from RMaps.Free\AndroidManifest.xml:27:22-75
uses-permission#android.permission.REQUEST_INSTALL_PACKAGES
ADDED from RMaps.Free\AndroidManifest.xml:28:5-83
MERGED from [:RMaps.AppLib] AndroidManifest.xml:32:5-83
MERGED from [:RMaps.AppLib] AndroidManifest.xml:32:5-83
	android:name
		ADDED from RMaps.Free\AndroidManifest.xml:28:22-80
uses-feature#android.hardware.location
ADDED from RMaps.Free\AndroidManifest.xml:30:5-32:36
MERGED from [:RMaps.AppLib] AndroidManifest.xml:21:5-23:36
MERGED from [:RMaps.AppLib] AndroidManifest.xml:21:5-23:36
	android:required
		ADDED from RMaps.Free\AndroidManifest.xml:32:9-33
	android:name
		ADDED from RMaps.Free\AndroidManifest.xml:31:9-49
uses-feature#android.hardware.location.gps
ADDED from RMaps.Free\AndroidManifest.xml:33:5-35:36
MERGED from [:RMaps.AppLib] AndroidManifest.xml:24:5-26:36
MERGED from [:RMaps.AppLib] AndroidManifest.xml:24:5-26:36
	android:required
		ADDED from RMaps.Free\AndroidManifest.xml:35:9-33
	android:name
		ADDED from RMaps.Free\AndroidManifest.xml:34:9-53
uses-feature#android.hardware.location.network
ADDED from RMaps.Free\AndroidManifest.xml:36:5-38:36
MERGED from [:RMaps.AppLib] AndroidManifest.xml:27:5-29:36
MERGED from [:RMaps.AppLib] AndroidManifest.xml:27:5-29:36
	android:required
		ADDED from RMaps.Free\AndroidManifest.xml:38:9-33
	android:name
		ADDED from RMaps.Free\AndroidManifest.xml:37:9-57
supports-screens
ADDED from RMaps.Free\AndroidManifest.xml:40:5-46:40
MERGED from [:RMaps.AppLib] AndroidManifest.xml:35:5-41:40
MERGED from [:RMaps.AppLib] AndroidManifest.xml:35:5-41:40
	android:largeScreens
		ADDED from RMaps.Free\AndroidManifest.xml:42:9-36
	android:smallScreens
		ADDED from RMaps.Free\AndroidManifest.xml:45:9-36
	android:normalScreens
		ADDED from RMaps.Free\AndroidManifest.xml:43:9-37
	android:xlargeScreens
		ADDED from RMaps.Free\AndroidManifest.xml:46:9-37
	android:resizeable
		ADDED from RMaps.Free\AndroidManifest.xml:44:9-34
	android:anyDensity
		ADDED from RMaps.Free\AndroidManifest.xml:41:9-34
uses-permission#android.permission.READ_PROFILE
ADDED from RMaps.Free\AndroidManifest.xml:48:5-71
	android:name
		ADDED from RMaps.Free\AndroidManifest.xml:48:22-68
uses-permission#android.permission.READ_CONTACTS
ADDED from RMaps.Free\AndroidManifest.xml:49:5-72
	android:name
		ADDED from RMaps.Free\AndroidManifest.xml:49:22-69
uses-permission#android.permission.READ_EXTERNAL_STORAGE
ADDED from RMaps.Free\AndroidManifest.xml:50:5-80
	android:name
		ADDED from RMaps.Free\AndroidManifest.xml:50:22-77
uses-permission#android.permission.READ_CALL_LOG
ADDED from RMaps.Free\AndroidManifest.xml:51:5-72
	android:name
		ADDED from RMaps.Free\AndroidManifest.xml:51:22-69
application
ADDED from RMaps.Free\AndroidManifest.xml:53:5-284:19
MERGED from [:RMaps.AppLib] AndroidManifest.xml:44:5-107:19
MERGED from [:RMaps.AppLib] AndroidManifest.xml:44:5-107:19
MERGED from [com.android.support.constraint:constraint-layout:1.1.3] AndroidManifest.xml:9:5-20
MERGED from [com.android.support.constraint:constraint-layout:1.1.3] AndroidManifest.xml:9:5-20
MERGED from [com.androidkun:pulltorefreshrecyclerview:1.1.0] AndroidManifest.xml:11:5-14:19
MERGED from [com.androidkun:pulltorefreshrecyclerview:1.1.0] AndroidManifest.xml:11:5-14:19
	android:supportsRtl
		ADDED from [com.androidkun:pulltorefreshrecyclerview:1.1.0] AndroidManifest.xml:13:9-35
	android:label
		ADDED from RMaps.Free\AndroidManifest.xml:58:9-47
	android:allowClearUserData
		ADDED from RMaps.Free\AndroidManifest.xml:56:9-43
	android:largeHeap
		ADDED from RMaps.Free\AndroidManifest.xml:59:9-33
	android:icon
		ADDED from RMaps.Free\AndroidManifest.xml:57:9-43
	android:allowBackup
		ADDED from RMaps.Free\AndroidManifest.xml:55:9-35
	android:theme
		ADDED from RMaps.Free\AndroidManifest.xml:60:9-68
	android:name
		ADDED from RMaps.Free\AndroidManifest.xml:54:9-61
activity#com.jpkh.cnpc.activity.SearchSetActivity
ADDED from RMaps.Free\AndroidManifest.xml:61:9-73
	android:name
		ADDED from RMaps.Free\AndroidManifest.xml:61:19-61
activity#com.jpkh.cnpc.activity.PersionDetailsActivity
ADDED from RMaps.Free\AndroidManifest.xml:62:9-69
	android:name
		ADDED from RMaps.Free\AndroidManifest.xml:62:19-66
activity#com.jpkh.cnpc.activity.PersonCreateActivity
ADDED from RMaps.Free\AndroidManifest.xml:63:9-67
	android:name
		ADDED from RMaps.Free\AndroidManifest.xml:63:19-64
activity#com.jpkh.cnpc.activity.PersonSetActivity
ADDED from RMaps.Free\AndroidManifest.xml:64:9-67:50
	android:label
		ADDED from RMaps.Free\AndroidManifest.xml:66:13-62
	android:theme
		ADDED from RMaps.Free\AndroidManifest.xml:67:13-47
	android:name
		ADDED from RMaps.Free\AndroidManifest.xml:65:13-55
activity#com.jpkh.cnpc.activity.SplashActivity
ADDED from RMaps.Free\AndroidManifest.xml:68:9-76:20
	android:theme
		ADDED from RMaps.Free\AndroidManifest.xml:70:13-83
	android:name
		ADDED from RMaps.Free\AndroidManifest.xml:69:13-52
intent-filter#action:name:android.intent.action.MAIN+category:name:android.intent.category.LAUNCHER
ADDED from RMaps.Free\AndroidManifest.xml:71:13-75:29
action#android.intent.action.MAIN
ADDED from RMaps.Free\AndroidManifest.xml:72:17-69
	android:name
		ADDED from RMaps.Free\AndroidManifest.xml:72:25-66
category#android.intent.category.LAUNCHER
ADDED from RMaps.Free\AndroidManifest.xml:74:17-77
	android:name
		ADDED from RMaps.Free\AndroidManifest.xml:74:27-74
activity#com.jpkh.cnpc.activity.LoginActivity
ADDED from RMaps.Free\AndroidManifest.xml:77:9-60
	android:name
		ADDED from RMaps.Free\AndroidManifest.xml:77:19-57
activity#com.jpkh.cnpc.activity.ServerSettingActivity
ADDED from RMaps.Free\AndroidManifest.xml:78:9-68
	android:name
		ADDED from RMaps.Free\AndroidManifest.xml:78:19-65
activity#com.jpkh.utils.zbar.CaptureActivity
ADDED from RMaps.Free\AndroidManifest.xml:79:9-72
	android:name
		ADDED from RMaps.Free\AndroidManifest.xml:79:19-69
activity#com.jpkh.cnpc.activity.ReceiveOnlineSetActivity
ADDED from RMaps.Free\AndroidManifest.xml:80:9-71
	android:name
		ADDED from RMaps.Free\AndroidManifest.xml:80:19-68
activity#com.jpkh.utils.zxing.camera.MipcaActivityCapture
ADDED from RMaps.Free\AndroidManifest.xml:81:9-85
	android:name
		ADDED from RMaps.Free\AndroidManifest.xml:81:19-82
activity#com.jpkh.cnpc.activity.MainActivity
ADDED from RMaps.Free\AndroidManifest.xml:82:9-112:20
	android:screenOrientation
		ADDED from RMaps.Free\AndroidManifest.xml:87:13-49
	android:label
		ADDED from RMaps.Free\AndroidManifest.xml:85:13-45
	android:launchMode
		ADDED from RMaps.Free\AndroidManifest.xml:86:13-48
	android:configChanges
		ADDED from RMaps.Free\AndroidManifest.xml:84:13-74
	android:theme
		ADDED from RMaps.Free\AndroidManifest.xml:88:13-83
	android:name
		ADDED from RMaps.Free\AndroidManifest.xml:83:13-50
intent-filter#action:name:android.intent.action.SEARCH+category:name:android.intent.category.DEFAULT
ADDED from RMaps.Free\AndroidManifest.xml:89:13-93:29
action#android.intent.action.SEARCH
ADDED from RMaps.Free\AndroidManifest.xml:90:17-71
	android:name
		ADDED from RMaps.Free\AndroidManifest.xml:90:25-68
category#android.intent.category.DEFAULT
ADDED from RMaps.Free\AndroidManifest.xml:92:17-76
	android:name
		ADDED from RMaps.Free\AndroidManifest.xml:92:27-73
meta-data#android.app.searchable
ADDED from RMaps.Free\AndroidManifest.xml:95:13-97:54
	android:resource
		ADDED from RMaps.Free\AndroidManifest.xml:97:17-51
	android:name
		ADDED from RMaps.Free\AndroidManifest.xml:96:17-54
intent-filter#action:name:com.robert.maps.action.SHOW_POINTS+category:name:android.intent.category.DEFAULT
ADDED from RMaps.Free\AndroidManifest.xml:99:13-103:29
action#com.robert.maps.action.SHOW_POINTS
ADDED from RMaps.Free\AndroidManifest.xml:100:17-77
	android:name
		ADDED from RMaps.Free\AndroidManifest.xml:100:25-74
intent-filter#action:name:android.intent.action.VIEW+category:name:android.intent.category.BROWSABLE+category:name:android.intent.category.DEFAULT+data:scheme:geo
ADDED from RMaps.Free\AndroidManifest.xml:104:13-111:29
action#android.intent.action.VIEW
ADDED from RMaps.Free\AndroidManifest.xml:105:17-69
	android:name
		ADDED from RMaps.Free\AndroidManifest.xml:105:25-66
category#android.intent.category.BROWSABLE
ADDED from RMaps.Free\AndroidManifest.xml:108:17-78
	android:name
		ADDED from RMaps.Free\AndroidManifest.xml:108:27-75
data
ADDED from RMaps.Free\AndroidManifest.xml:110:17-46
	android:scheme
		ADDED from RMaps.Free\AndroidManifest.xml:110:23-43
activity#com.jpkh.cnpc.activity.ReceivePointsActivity
ADDED from RMaps.Free\AndroidManifest.xml:113:9-68
	android:name
		ADDED from RMaps.Free\AndroidManifest.xml:113:19-65
activity#com.jpkh.cnpc.activity.ReceiveAllSetActivity
ADDED from RMaps.Free\AndroidManifest.xml:114:9-68
	android:name
		ADDED from RMaps.Free\AndroidManifest.xml:114:19-65
activity#com.jpkh.cnpc.activity.RouteNaviActivity
ADDED from RMaps.Free\AndroidManifest.xml:115:9-64
	android:name
		ADDED from RMaps.Free\AndroidManifest.xml:115:19-61
activity#com.jpkh.cnpc.activity.SearchActivity
ADDED from RMaps.Free\AndroidManifest.xml:116:9-61
	android:name
		ADDED from RMaps.Free\AndroidManifest.xml:116:19-58
activity#com.jpkh.cnpc.activity.ImportTaskActivity
ADDED from RMaps.Free\AndroidManifest.xml:117:9-65
	android:name
		ADDED from RMaps.Free\AndroidManifest.xml:117:19-62
activity#com.jpkh.cnpc.activity.AlarmHistoryActivity
ADDED from RMaps.Free\AndroidManifest.xml:118:9-67
	android:name
		ADDED from RMaps.Free\AndroidManifest.xml:118:19-64
activity#com.robert.maps.applib.MainPreferences
ADDED from RMaps.Free\AndroidManifest.xml:119:9-122:70
MERGED from [:RMaps.AppLib] AndroidManifest.xml:49:9-50:20
MERGED from [:RMaps.AppLib] AndroidManifest.xml:49:9-50:20
	android:windowSoftInputMode
		ADDED from RMaps.Free\AndroidManifest.xml:122:13-67
	android:configChanges
		ADDED from RMaps.Free\AndroidManifest.xml:121:13-74
	android:name
		ADDED from RMaps.Free\AndroidManifest.xml:120:13-66
provider#android.support.v4.content.FileProvider
ADDED from RMaps.Free\AndroidManifest.xml:124:9-132:20
	android:grantUriPermissions
		ADDED from RMaps.Free\AndroidManifest.xml:128:13-47
	android:authorities
		ADDED from RMaps.Free\AndroidManifest.xml:126:13-61
	android:exported
		ADDED from RMaps.Free\AndroidManifest.xml:127:13-37
	android:name
		ADDED from RMaps.Free\AndroidManifest.xml:125:13-67
meta-data#android.support.FILE_PROVIDER_PATHS
ADDED from RMaps.Free\AndroidManifest.xml:129:13-131:54
	android:resource
		ADDED from RMaps.Free\AndroidManifest.xml:131:17-51
	android:name
		ADDED from RMaps.Free\AndroidManifest.xml:130:17-67
activity#com.robert.maps.applib.kml.PoiActivity
ADDED from RMaps.Free\AndroidManifest.xml:134:9-137:70
MERGED from [:RMaps.AppLib] AndroidManifest.xml:51:9-75
MERGED from [:RMaps.AppLib] AndroidManifest.xml:51:9-75
	android:windowSoftInputMode
		ADDED from RMaps.Free\AndroidManifest.xml:137:13-67
	android:configChanges
		ADDED from RMaps.Free\AndroidManifest.xml:136:13-74
	android:name
		ADDED from RMaps.Free\AndroidManifest.xml:135:13-66
activity#com.robert.maps.applib.kml.PoiListActivity
ADDED from RMaps.Free\AndroidManifest.xml:138:9-141:70
MERGED from [:RMaps.AppLib] AndroidManifest.xml:52:9-79
MERGED from [:RMaps.AppLib] AndroidManifest.xml:52:9-79
	android:windowSoftInputMode
		ADDED from RMaps.Free\AndroidManifest.xml:141:13-67
	android:configChanges
		ADDED from RMaps.Free\AndroidManifest.xml:140:13-74
	android:name
		ADDED from RMaps.Free\AndroidManifest.xml:139:13-70
activity#com.robert.maps.applib.kml.TrackListActivity
ADDED from RMaps.Free\AndroidManifest.xml:142:9-145:70
MERGED from [:RMaps.AppLib] AndroidManifest.xml:53:9-81
MERGED from [:RMaps.AppLib] AndroidManifest.xml:53:9-81
	android:windowSoftInputMode
		ADDED from RMaps.Free\AndroidManifest.xml:145:13-67
	android:configChanges
		ADDED from RMaps.Free\AndroidManifest.xml:144:13-74
	android:name
		ADDED from RMaps.Free\AndroidManifest.xml:143:13-72
activity#com.robert.maps.applib.kml.PoiCategoryActivity
ADDED from RMaps.Free\AndroidManifest.xml:146:9-149:70
MERGED from [:RMaps.AppLib] AndroidManifest.xml:54:9-55:20
MERGED from [:RMaps.AppLib] AndroidManifest.xml:54:9-55:20
	android:windowSoftInputMode
		ADDED from RMaps.Free\AndroidManifest.xml:149:13-67
	android:configChanges
		ADDED from RMaps.Free\AndroidManifest.xml:148:13-74
	android:name
		ADDED from RMaps.Free\AndroidManifest.xml:147:13-74
activity#com.robert.maps.applib.kml.PoiCategoryListActivity
ADDED from RMaps.Free\AndroidManifest.xml:150:9-153:70
MERGED from [:RMaps.AppLib] AndroidManifest.xml:56:9-57:20
MERGED from [:RMaps.AppLib] AndroidManifest.xml:56:9-57:20
	android:windowSoftInputMode
		ADDED from RMaps.Free\AndroidManifest.xml:153:13-67
	android:configChanges
		ADDED from RMaps.Free\AndroidManifest.xml:152:13-74
	android:name
		ADDED from RMaps.Free\AndroidManifest.xml:151:13-78
activity#com.robert.maps.applib.kml.PoiIconSetActivity
ADDED from RMaps.Free\AndroidManifest.xml:154:9-157:70
MERGED from [:RMaps.AppLib] AndroidManifest.xml:58:9-59:20
MERGED from [:RMaps.AppLib] AndroidManifest.xml:58:9-59:20
	android:windowSoftInputMode
		ADDED from RMaps.Free\AndroidManifest.xml:157:13-67
	android:configChanges
		ADDED from RMaps.Free\AndroidManifest.xml:156:13-74
	android:name
		ADDED from RMaps.Free\AndroidManifest.xml:155:13-73
activity#com.robert.maps.applib.kml.ImportPoiActivity
ADDED from RMaps.Free\AndroidManifest.xml:158:9-161:70
MERGED from [:RMaps.AppLib] AndroidManifest.xml:60:9-81
MERGED from [:RMaps.AppLib] AndroidManifest.xml:60:9-81
	android:windowSoftInputMode
		ADDED from RMaps.Free\AndroidManifest.xml:161:13-67
	android:configChanges
		ADDED from RMaps.Free\AndroidManifest.xml:160:13-74
	android:name
		ADDED from RMaps.Free\AndroidManifest.xml:159:13-72
activity#com.robert.maps.applib.kml.ImportTrackActivity
ADDED from RMaps.Free\AndroidManifest.xml:162:9-165:70
MERGED from [:RMaps.AppLib] AndroidManifest.xml:61:9-62:20
MERGED from [:RMaps.AppLib] AndroidManifest.xml:61:9-62:20
	android:windowSoftInputMode
		ADDED from RMaps.Free\AndroidManifest.xml:165:13-67
	android:configChanges
		ADDED from RMaps.Free\AndroidManifest.xml:164:13-74
	android:name
		ADDED from RMaps.Free\AndroidManifest.xml:163:13-74
activity#com.robert.maps.applib.kml.TrackActivity
ADDED from RMaps.Free\AndroidManifest.xml:166:9-169:70
MERGED from [:RMaps.AppLib] AndroidManifest.xml:63:9-64:20
MERGED from [:RMaps.AppLib] AndroidManifest.xml:63:9-64:20
	android:windowSoftInputMode
		ADDED from RMaps.Free\AndroidManifest.xml:169:13-67
	android:configChanges
		ADDED from RMaps.Free\AndroidManifest.xml:168:13-74
	android:name
		ADDED from RMaps.Free\AndroidManifest.xml:167:13-68
activity#com.robert.maps.applib.kml.TrackStatActivity
ADDED from RMaps.Free\AndroidManifest.xml:170:9-173:70
MERGED from [:RMaps.AppLib] AndroidManifest.xml:65:9-66:20
MERGED from [:RMaps.AppLib] AndroidManifest.xml:65:9-66:20
	android:windowSoftInputMode
		ADDED from RMaps.Free\AndroidManifest.xml:173:13-67
	android:configChanges
		ADDED from RMaps.Free\AndroidManifest.xml:172:13-74
	android:name
		ADDED from RMaps.Free\AndroidManifest.xml:171:13-72
activity#com.robert.maps.applib.kml.RouteListActivity
ADDED from RMaps.Free\AndroidManifest.xml:174:9-177:70
MERGED from [:RMaps.AppLib] AndroidManifest.xml:67:9-68:20
MERGED from [:RMaps.AppLib] AndroidManifest.xml:67:9-68:20
	android:windowSoftInputMode
		ADDED from RMaps.Free\AndroidManifest.xml:177:13-67
	android:configChanges
		ADDED from RMaps.Free\AndroidManifest.xml:176:13-74
	android:name
		ADDED from RMaps.Free\AndroidManifest.xml:175:13-72
activity#com.robert.maps.applib.kml.OutmapActivity
ADDED from RMaps.Free\AndroidManifest.xml:178:9-181:70
	android:windowSoftInputMode
		ADDED from RMaps.Free\AndroidManifest.xml:181:13-67
	android:configChanges
		ADDED from RMaps.Free\AndroidManifest.xml:180:13-74
	android:name
		ADDED from RMaps.Free\AndroidManifest.xml:179:13-69
service#com.robert.maps.applib.trackwriter.TrackWriterService
ADDED from RMaps.Free\AndroidManifest.xml:183:9-191:19
MERGED from [:RMaps.AppLib] AndroidManifest.xml:70:9-78:19
MERGED from [:RMaps.AppLib] AndroidManifest.xml:70:9-78:19
	android:process
		ADDED from RMaps.Free\AndroidManifest.xml:186:13-43
	android:icon
		ADDED from RMaps.Free\AndroidManifest.xml:185:13-58
	android:name
		ADDED from RMaps.Free\AndroidManifest.xml:184:13-81
intent-filter#action:name:com.robert.maps.applib.trackwriter.IRemoteService+action:name:com.robert.maps.trackwriter
ADDED from RMaps.Free\AndroidManifest.xml:187:13-190:29
action#com.robert.maps.trackwriter
ADDED from RMaps.Free\AndroidManifest.xml:188:17-70
	android:name
		ADDED from RMaps.Free\AndroidManifest.xml:188:25-67
action#com.robert.maps.applib.trackwriter.IRemoteService
ADDED from RMaps.Free\AndroidManifest.xml:189:17-92
	android:name
		ADDED from RMaps.Free\AndroidManifest.xml:189:25-89
activity#org.openintents.filemanager.FileManagerActivity
ADDED from RMaps.Free\AndroidManifest.xml:193:9-196:70
MERGED from [:RMaps.AppLib] AndroidManifest.xml:80:9-81:20
MERGED from [:RMaps.AppLib] AndroidManifest.xml:80:9-81:20
	android:windowSoftInputMode
		ADDED from RMaps.Free\AndroidManifest.xml:196:13-67
	android:configChanges
		ADDED from RMaps.Free\AndroidManifest.xml:195:13-74
	android:name
		ADDED from RMaps.Free\AndroidManifest.xml:194:13-75
activity#com.robert.maps.applib.downloader.AreaSelectorActivity
ADDED from RMaps.Free\AndroidManifest.xml:197:9-201:70
MERGED from [:RMaps.AppLib] AndroidManifest.xml:82:9-85:20
MERGED from [:RMaps.AppLib] AndroidManifest.xml:82:9-85:20
	android:launchMode
		ADDED from RMaps.Free\AndroidManifest.xml:200:13-48
	android:windowSoftInputMode
		ADDED from RMaps.Free\AndroidManifest.xml:201:13-67
	android:configChanges
		ADDED from RMaps.Free\AndroidManifest.xml:199:13-74
	android:name
		ADDED from RMaps.Free\AndroidManifest.xml:198:13-82
service#com.robert.maps.applib.downloader.MapDownloaderService
ADDED from RMaps.Free\AndroidManifest.xml:203:9-211:19
MERGED from [:RMaps.AppLib] AndroidManifest.xml:87:9-95:19
MERGED from [:RMaps.AppLib] AndroidManifest.xml:87:9-95:19
	android:process
		ADDED from RMaps.Free\AndroidManifest.xml:206:13-45
	android:icon
		ADDED from RMaps.Free\AndroidManifest.xml:205:13-58
	android:name
		ADDED from RMaps.Free\AndroidManifest.xml:204:13-82
intent-filter#action:name:com.robert.maps.applib.downloader.IRemoteService+action:name:com.robert.maps.mapdownloader
ADDED from RMaps.Free\AndroidManifest.xml:207:13-210:29
action#com.robert.maps.mapdownloader
ADDED from RMaps.Free\AndroidManifest.xml:208:17-72
	android:name
		ADDED from RMaps.Free\AndroidManifest.xml:208:25-69
action#com.robert.maps.applib.downloader.IRemoteService
ADDED from RMaps.Free\AndroidManifest.xml:209:17-91
	android:name
		ADDED from RMaps.Free\AndroidManifest.xml:209:25-88
activity#com.robert.maps.applib.downloader.DownloaderActivity
ADDED from RMaps.Free\AndroidManifest.xml:213:9-216:70
MERGED from [:RMaps.AppLib] AndroidManifest.xml:97:9-98:20
MERGED from [:RMaps.AppLib] AndroidManifest.xml:97:9-98:20
	android:windowSoftInputMode
		ADDED from RMaps.Free\AndroidManifest.xml:216:13-67
	android:configChanges
		ADDED from RMaps.Free\AndroidManifest.xml:215:13-74
	android:name
		ADDED from RMaps.Free\AndroidManifest.xml:214:13-80
activity#com.robert.maps.applib.preference.MixedMapsPreference
ADDED from RMaps.Free\AndroidManifest.xml:217:9-220:70
MERGED from [:RMaps.AppLib] AndroidManifest.xml:99:9-100:20
MERGED from [:RMaps.AppLib] AndroidManifest.xml:99:9-100:20
	android:windowSoftInputMode
		ADDED from RMaps.Free\AndroidManifest.xml:220:13-67
	android:configChanges
		ADDED from RMaps.Free\AndroidManifest.xml:219:13-74
	android:name
		ADDED from RMaps.Free\AndroidManifest.xml:218:13-81
activity#com.robert.maps.applib.preference.PredefMapsPrefActivity
ADDED from RMaps.Free\AndroidManifest.xml:221:9-224:70
MERGED from [:RMaps.AppLib] AndroidManifest.xml:102:9-93
MERGED from [:RMaps.AppLib] AndroidManifest.xml:102:9-93
	android:windowSoftInputMode